c:\users\alema\downloads\3-can-tunay-tf1.99-main\3-can-tunay-tf1.99-main\tf199\tf199\x64\debug\vc145.pdb
c:\users\alema\downloads\3-can-tunay-tf1.99-main\3-can-tunay-tf1.99-main\tf199\tf199\x64\debug\vc145.idb
c:\users\alema\downloads\3-can-tunay-tf1.99-main\3-can-tunay-tf1.99-main\tf199\tf199\x64\debug\selectgamemode.obj
c:\users\alema\downloads\3-can-tunay-tf1.99-main\3-can-tunay-tf1.99-main\tf199\tf199\x64\debug\projectile.obj
c:\users\alema\downloads\3-can-tunay-tf1.99-main\3-can-tunay-tf1.99-main\tf199\tf199\x64\debug\main.obj
c:\users\alema\downloads\3-can-tunay-tf1.99-main\3-can-tunay-tf1.99-main\tf199\tf199\x64\debug\playercharacter.obj
c:\users\alema\downloads\3-can-tunay-tf1.99-main\3-can-tunay-tf1.99-main\tf199\tf199\x64\debug\mainmenu.obj
c:\users\alema\downloads\3-can-tunay-tf1.99-main\3-can-tunay-tf1.99-main\tf199\tf199\x64\debug\button.obj
c:\users\alema\downloads\3-can-tunay-tf1.99-main\3-can-tunay-tf1.99-main\tf199\x64\debug\tf199.exe
c:\users\alema\downloads\3-can-tunay-tf1.99-main\3-can-tunay-tf1.99-main\tf199\x64\debug\tf199.pdb
c:\users\tunay\source\repos\tf199\x64\debug\raylib.dll
c:\users\tunay\source\repos\tf199\x64\debug\glfw3.dll
c:\users\alema\downloads\3-can-tunay-tf1.99-main\3-can-tunay-tf1.99-main\tf199\x64\debug\raylib.dll
c:\users\alema\downloads\3-can-tunay-tf1.99-main\3-can-tunay-tf1.99-main\tf199\x64\debug\glfw3.dll
c:\users\alema\downloads\3-can-tunay-tf1.99-main\3-can-tunay-tf1.99-main\tf199\tf199\x64\debug\tf199.ilk
c:\users\alema\downloads\3-can-tunay-tf1.99-main\3-can-tunay-tf1.99-main\tf199\tf199\x64\debug\playerclass.obj
c:\users\alema\downloads\3-can-tunay-tf1.99-main\3-can-tunay-tf1.99-main\tf199\tf199\x64\debug\tf199.obj
c:\users\alema\downloads\3-can-tunay-tf1.99-main\3-can-tunay-tf1.99-main\tf199\tf199\x64\debug\tf199.tlog\cl.command.1.tlog
c:\users\alema\downloads\3-can-tunay-tf1.99-main\3-can-tunay-tf1.99-main\tf199\tf199\x64\debug\tf199.tlog\cl.items.tlog
c:\users\alema\downloads\3-can-tunay-tf1.99-main\3-can-tunay-tf1.99-main\tf199\tf199\x64\debug\tf199.tlog\cl.read.1.tlog
c:\users\alema\downloads\3-can-tunay-tf1.99-main\3-can-tunay-tf1.99-main\tf199\tf199\x64\debug\tf199.tlog\cl.write.1.tlog
c:\users\alema\downloads\3-can-tunay-tf1.99-main\3-can-tunay-tf1.99-main\tf199\tf199\x64\debug\tf199.tlog\link.command.1.tlog
c:\users\alema\downloads\3-can-tunay-tf1.99-main\3-can-tunay-tf1.99-main\tf199\tf199\x64\debug\tf199.tlog\link.read.1.tlog
c:\users\alema\downloads\3-can-tunay-tf1.99-main\3-can-tunay-tf1.99-main\tf199\tf199\x64\debug\tf199.tlog\link.secondary.1.tlog
c:\users\alema\downloads\3-can-tunay-tf1.99-main\3-can-tunay-tf1.99-main\tf199\tf199\x64\debug\tf199.tlog\link.write.1.tlog
c:\users\alema\downloads\3-can-tunay-tf1.99-main\3-can-tunay-tf1.99-main\tf199\tf199\x64\debug\tf199.tlog\tf199.write.1u.tlog
